2016-12-06 11:12:21,318 [main] ERROR org.eclipse.jgit.util.FS - Caught exception in FS.readPipe()
java.io.IOException: Cannot run program "bash" (in directory "C:\Users\z004408"): CreateProcess error=2, The system cannot find the file specified
	at java.lang.ProcessBuilder.start(Unknown Source) ~[na:1.8.0_74]
	at java.lang.Runtime.exec(Unknown Source) ~[na:1.8.0_74]
	at org.eclipse.jgit.util.FS.readPipe(FS.java:431) [org.eclipse.jgit_3.7.0.201502260915-r.jar:3.7.0.201502260915-r]
	at org.eclipse.jgit.util.FS_Win32.discoverGitPrefix(FS_Win32.java:113) [org.eclipse.jgit_3.7.0.201502260915-r.jar:3.7.0.201502260915-r]
	at org.eclipse.jgit.util.FS.gitPrefix(FS.java:517) [org.eclipse.jgit_3.7.0.201502260915-r.jar:3.7.0.201502260915-r]
	at org.eclipse.egit.ui.internal.ConfigurationChecker.checkGitPrefix(ConfigurationChecker.java:69) [org.eclipse.egit.ui_3.7.0.201502260915-r.jar:na]
	at org.eclipse.egit.ui.internal.ConfigurationChecker.check(ConfigurationChecker.java:61) [org.eclipse.egit.ui_3.7.0.201502260915-r.jar:na]
	at org.eclipse.egit.ui.internal.ConfigurationChecker.access$0(ConfigurationChecker.java:60) [org.eclipse.egit.ui_3.7.0.201502260915-r.jar:na]
	at org.eclipse.egit.ui.internal.ConfigurationChecker$1$1.run(ConfigurationChecker.java:48) [org.eclipse.egit.ui_3.7.0.201502260915-r.jar:na]
	at org.eclipse.swt.widgets.RunnableLock.run(RunnableLock.java:35) [org.eclipse.swt.win32.win32.x86_64_3.103.2.v20150203-1351.jar:na]
	at org.eclipse.swt.widgets.Synchronizer.runAsyncMessages(Synchronizer.java:136) [org.eclipse.swt.win32.win32.x86_64_3.103.2.v20150203-1351.jar:na]
	at org.eclipse.swt.widgets.Display.runAsyncMessages(Display.java:4147) [org.eclipse.swt.win32.win32.x86_64_3.103.2.v20150203-1351.jar:na]
	at org.eclipse.swt.widgets.Display.readAndDispatch(Display.java:3764) [org.eclipse.swt.win32.win32.x86_64_3.103.2.v20150203-1351.jar:na]
	at org.eclipse.e4.ui.internal.workbench.swt.PartRenderingEngine$9.run(PartRenderingEngine.java:1151) [org.eclipse.e4.ui.workbench.swt_0.12.100.v20141126-1150.jar:na]
	at org.eclipse.core.databinding.observable.Realm.runWithDefault(Realm.java:332) [org.eclipse.core.databinding.observable_1.4.1.v20140210-1835.jar:na]
	at org.eclipse.e4.ui.internal.workbench.swt.PartRenderingEngine.run(PartRenderingEngine.java:1032) [org.eclipse.e4.ui.workbench.swt_0.12.100.v20141126-1150.jar:na]
	at org.eclipse.e4.ui.internal.workbench.E4Workbench.createAndRunUI(E4Workbench.java:148) [org.eclipse.e4.ui.workbench_1.2.2.v20141212-1259.jar:na]
	at org.eclipse.ui.internal.Workbench$5.run(Workbench.java:636) [org.eclipse.ui.workbench_3.106.2.v20150204-1030.jar:na]
	at org.eclipse.core.databinding.observable.Realm.runWithDefault(Realm.java:332) [org.eclipse.core.databinding.observable_1.4.1.v20140210-1835.jar:na]
	at org.eclipse.ui.internal.Workbench.createAndRunWorkbench(Workbench.java:579) [org.eclipse.ui.workbench_3.106.2.v20150204-1030.jar:na]
	at org.eclipse.ui.PlatformUI.createAndRunWorkbench(PlatformUI.java:150) [org.eclipse.ui.workbench_3.106.2.v20150204-1030.jar:na]
	at org.eclipse.ui.internal.ide.application.IDEApplication.start(IDEApplication.java:135) [org.eclipse.ui.ide.application_1.0.501.v20141111-1238.jar:na]
	at org.eclipse.equinox.internal.app.EclipseAppHandle.run(EclipseAppHandle.java:196) [org.eclipse.equinox.app_1.3.200.v20130910-1609.jar:na]
	at org.eclipse.core.runtime.internal.adaptor.EclipseAppLauncher.runApplication(EclipseAppLauncher.java:134) [org.eclipse.osgi_3.10.2.v20150203-1939.jar:na]
	at org.eclipse.core.runtime.internal.adaptor.EclipseAppLauncher.start(EclipseAppLauncher.java:104) [org.eclipse.osgi_3.10.2.v20150203-1939.jar:na]
	at org.eclipse.core.runtime.adaptor.EclipseStarter.run(EclipseStarter.java:380) [org.eclipse.osgi_3.10.2.v20150203-1939.jar:na]
	at org.eclipse.core.runtime.adaptor.EclipseStarter.run(EclipseStarter.java:235) [org.eclipse.osgi_3.10.2.v20150203-1939.jar:na]
	at sun.reflect.NativeMethodAccessorImpl.invoke0(Native Method) ~[na:1.8.0_74]
	at sun.reflect.NativeMethodAccessorImpl.invoke(Unknown Source) ~[na:1.8.0_74]
	at sun.reflect.DelegatingMethodAccessorImpl.invoke(Unknown Source) ~[na:1.8.0_74]
	at java.lang.reflect.Method.invoke(Unknown Source) ~[na:1.8.0_74]
	at org.eclipse.equinox.launcher.Main.invokeFramework(Main.java:648) [org.eclipse.equinox.launcher_1.3.0.v20140415-2008.jar:na]
	at org.eclipse.equinox.launcher.Main.basicRun(Main.java:603) [org.eclipse.equinox.launcher_1.3.0.v20140415-2008.jar:na]
	at org.eclipse.equinox.launcher.Main.run(Main.java:1465) [org.eclipse.equinox.launcher_1.3.0.v20140415-2008.jar:na]
Caused by: java.io.IOException: CreateProcess error=2, The system cannot find the file specified
	at java.lang.ProcessImpl.create(Native Method) ~[na:1.8.0_74]
	at java.lang.ProcessImpl.<init>(Unknown Source) ~[na:1.8.0_74]
	at java.lang.ProcessImpl.start(Unknown Source) ~[na:1.8.0_74]
	... 34 common frames omitted
2016-12-06 11:17:15,867 [Worker-21] INFO  o.e.m.c.i.l.LifecycleMappingFactory - Using org.eclipse.m2e.jdt.JarLifecycleMapping lifecycle mapping for MavenProject: com.example:spring:0.0.1-SNAPSHOT @ D:\Public\RN_APPS\SpringGitHub\ForGitHub\Spring2DS\pom.xml.
2016-12-06 11:17:20,942 [Worker-21] INFO  o.e.m.c.i.embedder.EclipseLogger - Using 'UTF-8' encoding to copy filtered resources.
2016-12-06 11:17:20,951 [Worker-21] INFO  o.e.m.c.i.embedder.EclipseLogger - Copying 1 resource
2016-12-06 11:17:20,989 [Worker-21] INFO  o.e.m.c.i.embedder.EclipseLogger - Copying 0 resource
2016-12-06 11:17:20,994 [Worker-21] INFO  o.e.m.c.i.embedder.EclipseLogger - Using 'UTF-8' encoding to copy filtered resources.
2016-12-06 11:17:20,994 [Worker-21] INFO  o.e.m.c.i.embedder.EclipseLogger - skip non existing resourceDirectory D:\Public\RN_APPS\SpringGitHub\ForGitHub\Spring2DS\src\test\resources
2016-12-06 11:17:25,301 [Worker-21] INFO  o.e.m.c.i.embedder.EclipseLogger - Using 'UTF-8' encoding to copy filtered resources.
2016-12-06 11:17:25,302 [Worker-21] INFO  o.e.m.c.i.embedder.EclipseLogger - Copying 1 resource
2016-12-06 11:17:25,308 [Worker-21] INFO  o.e.m.c.i.embedder.EclipseLogger - Copying 0 resource
2016-12-06 11:17:25,314 [Worker-21] INFO  o.e.m.c.i.embedder.EclipseLogger - Using 'UTF-8' encoding to copy filtered resources.
2016-12-06 11:17:25,315 [Worker-21] INFO  o.e.m.c.i.embedder.EclipseLogger - skip non existing resourceDirectory D:\Public\RN_APPS\SpringGitHub\ForGitHub\Spring2DS\src\test\resources
2016-12-06 11:17:26,157 [Worker-21] INFO  o.e.m.c.i.embedder.EclipseLogger - Using 'UTF-8' encoding to copy filtered resources.
2016-12-06 11:17:26,159 [Worker-21] INFO  o.e.m.c.i.embedder.EclipseLogger - Copying 1 resource
2016-12-06 11:17:26,231 [Worker-21] INFO  o.e.m.c.i.embedder.EclipseLogger - Copying 0 resource
2016-12-06 11:17:26,235 [Worker-21] INFO  o.e.m.c.i.embedder.EclipseLogger - Using 'UTF-8' encoding to copy filtered resources.
2016-12-06 11:17:26,235 [Worker-21] INFO  o.e.m.c.i.embedder.EclipseLogger - skip non existing resourceDirectory D:\Public\RN_APPS\SpringGitHub\ForGitHub\Spring2DS\src\test\resources
2016-12-06 11:17:27,076 [Worker-18] INFO  o.e.m.c.i.embedder.EclipseLogger - Using 'UTF-8' encoding to copy filtered resources.
2016-12-06 11:17:27,076 [Worker-18] INFO  o.e.m.c.i.embedder.EclipseLogger - Copying 1 resource
2016-12-06 11:17:27,081 [Worker-18] INFO  o.e.m.c.i.embedder.EclipseLogger - Copying 0 resource
2016-12-06 11:17:27,084 [Worker-18] INFO  o.e.m.c.i.embedder.EclipseLogger - Using 'UTF-8' encoding to copy filtered resources.
2016-12-06 11:17:27,085 [Worker-18] INFO  o.e.m.c.i.embedder.EclipseLogger - skip non existing resourceDirectory D:\Public\RN_APPS\SpringGitHub\ForGitHub\Spring2DS\src\test\resources
2016-12-06 11:17:27,733 [Worker-27] INFO  o.e.m.c.i.embedder.EclipseLogger - Using 'UTF-8' encoding to copy filtered resources.
2016-12-06 11:17:27,734 [Worker-27] INFO  o.e.m.c.i.embedder.EclipseLogger - Copying 1 resource
2016-12-06 11:17:27,743 [Worker-27] INFO  o.e.m.c.i.embedder.EclipseLogger - Copying 0 resource
2016-12-06 11:17:27,747 [Worker-27] INFO  o.e.m.c.i.embedder.EclipseLogger - Using 'UTF-8' encoding to copy filtered resources.
2016-12-06 11:17:27,748 [Worker-27] INFO  o.e.m.c.i.embedder.EclipseLogger - skip non existing resourceDirectory D:\Public\RN_APPS\SpringGitHub\ForGitHub\Spring2DS\src\test\resources
2016-12-06 11:17:28,543 [Worker-21] INFO  o.e.m.c.i.embedder.EclipseLogger - Using 'UTF-8' encoding to copy filtered resources.
2016-12-06 11:17:28,544 [Worker-21] INFO  o.e.m.c.i.embedder.EclipseLogger - Copying 1 resource
2016-12-06 11:17:28,556 [Worker-21] INFO  o.e.m.c.i.embedder.EclipseLogger - Copying 0 resource
2016-12-06 11:17:28,560 [Worker-21] INFO  o.e.m.c.i.embedder.EclipseLogger - Using 'UTF-8' encoding to copy filtered resources.
2016-12-06 11:17:28,561 [Worker-21] INFO  o.e.m.c.i.embedder.EclipseLogger - skip non existing resourceDirectory D:\Public\RN_APPS\SpringGitHub\ForGitHub\Spring2DS\src\test\resources
2016-12-06 11:17:29,216 [Worker-20] INFO  o.e.m.c.i.embedder.EclipseLogger - Using 'UTF-8' encoding to copy filtered resources.
2016-12-06 11:17:29,217 [Worker-20] INFO  o.e.m.c.i.embedder.EclipseLogger - Copying 1 resource
2016-12-06 11:17:29,220 [Worker-20] INFO  o.e.m.c.i.embedder.EclipseLogger - Copying 0 resource
2016-12-06 11:17:29,223 [Worker-20] INFO  o.e.m.c.i.embedder.EclipseLogger - Using 'UTF-8' encoding to copy filtered resources.
2016-12-06 11:17:29,223 [Worker-20] INFO  o.e.m.c.i.embedder.EclipseLogger - skip non existing resourceDirectory D:\Public\RN_APPS\SpringGitHub\ForGitHub\Spring2DS\src\test\resources
2016-12-06 11:17:54,937 [Worker-22] INFO  o.e.m.c.i.l.LifecycleMappingFactory - Using org.eclipse.m2e.jdt.JarLifecycleMapping lifecycle mapping for MavenProject: com.example:spring:0.0.1-SNAPSHOT @ D:\Public\RN_APPS\SpringGitHub\ForGitHub\SpringSQlite\pom.xml.
2016-12-06 11:17:55,754 [Worker-26] INFO  o.e.m.c.i.l.LifecycleMappingFactory - Using org.eclipse.m2e.jdt.JarLifecycleMapping lifecycle mapping for MavenProject: com.example:spring:0.0.1-SNAPSHOT @ D:\Public\RN_APPS\SpringGitHub\ForGitHub\SpringSQlite\pom.xml.
2016-12-06 11:17:56,888 [Worker-26] WARN  o.e.m.c.i.embedder.EclipseLogger - The POM for org.jboss.spec.javax.transaction:jboss-transaction-api_1.2_spec:jar:1.0.0.Final is missing, no dependency information available
2016-12-06 11:17:56,891 [Worker-22] WARN  o.e.m.c.i.embedder.EclipseLogger - The POM for org.jboss.spec.javax.transaction:jboss-transaction-api_1.2_spec:jar:1.0.0.Final is missing, no dependency information available
2016-12-06 11:17:58,183 [Worker-26] INFO  o.e.m.c.i.embedder.EclipseLogger - Using 'UTF-8' encoding to copy filtered resources.
2016-12-06 11:17:58,184 [Worker-26] INFO  o.e.m.c.i.embedder.EclipseLogger - Copying 1 resource
2016-12-06 11:17:58,193 [Worker-26] INFO  o.e.m.c.i.embedder.EclipseLogger - Copying 1 resource
2016-12-06 11:17:58,230 [Worker-26] INFO  o.e.m.c.i.embedder.EclipseLogger - Using 'UTF-8' encoding to copy filtered resources.
2016-12-06 11:17:58,230 [Worker-26] INFO  o.e.m.c.i.embedder.EclipseLogger - skip non existing resourceDirectory D:\Public\RN_APPS\SpringGitHub\ForGitHub\SpringSQlite\src\test\resources
2016-12-06 11:17:59,816 [Worker-11] INFO  o.e.m.c.i.l.LifecycleMappingFactory - Using org.eclipse.m2e.jdt.JarLifecycleMapping lifecycle mapping for MavenProject: com.example:spring:0.0.1-SNAPSHOT @ D:\Public\RN_APPS\SpringGitHub\ForGitHub\SpringSQlite\pom.xml.
2016-12-06 11:18:00,107 [Worker-18] WARN  o.e.m.c.i.embedder.EclipseLogger - The POM for org.jboss.spec.javax.transaction:jboss-transaction-api_1.2_spec:jar:1.0.0.Final is missing, no dependency information available
2016-12-06 11:18:00,195 [Worker-18] INFO  o.e.m.c.i.embedder.EclipseLogger - Using 'UTF-8' encoding to copy filtered resources.
2016-12-06 11:18:00,317 [Worker-11] WARN  o.e.m.c.i.embedder.EclipseLogger - The POM for org.jboss.spec.javax.transaction:jboss-transaction-api_1.2_spec:jar:1.0.0.Final is missing, no dependency information available
2016-12-06 11:18:00,320 [Worker-18] INFO  o.e.m.c.i.embedder.EclipseLogger - Copying 1 resource
2016-12-06 11:18:00,406 [Worker-18] INFO  o.e.m.c.i.embedder.EclipseLogger - Copying 1 resource
2016-12-06 11:18:00,426 [Worker-18] INFO  o.e.m.c.i.embedder.EclipseLogger - Using 'UTF-8' encoding to copy filtered resources.
2016-12-06 11:18:00,426 [Worker-18] INFO  o.e.m.c.i.embedder.EclipseLogger - skip non existing resourceDirectory D:\Public\RN_APPS\SpringGitHub\ForGitHub\SpringSQlite\src\test\resources
2016-12-06 11:18:01,985 [Worker-18] WARN  o.e.m.c.i.embedder.EclipseLogger - The POM for org.jboss.spec.javax.transaction:jboss-transaction-api_1.2_spec:jar:1.0.0.Final is missing, no dependency information available
2016-12-06 11:18:02,039 [Worker-18] INFO  o.e.m.c.i.embedder.EclipseLogger - Using 'UTF-8' encoding to copy filtered resources.
2016-12-06 11:18:02,039 [Worker-18] INFO  o.e.m.c.i.embedder.EclipseLogger - Copying 0 resource
2016-12-06 11:18:02,040 [Worker-18] INFO  o.e.m.c.i.embedder.EclipseLogger - Copying 0 resource
2016-12-06 11:18:02,042 [Worker-18] INFO  o.e.m.c.i.embedder.EclipseLogger - Using 'UTF-8' encoding to copy filtered resources.
2016-12-06 11:18:02,042 [Worker-18] INFO  o.e.m.c.i.embedder.EclipseLogger - skip non existing resourceDirectory D:\Public\RN_APPS\SpringGitHub\ForGitHub\SpringSQlite\src\test\resources
2016-12-06 14:15:15,423 [Worker-73] ERROR o.e.m.c.i.p.r.ProjectRegistryManager - Failed to read Maven project: 1 problem was encountered while building the effective model for org.springframework:SpringRabbitMQ:0.1.0
[FATAL] Non-resolvable parent POM: Failure to transfer org.springframework.boot:spring-boot-starter-parent:pom:1.4.2.RELEASE from http://repo.maven.apache.org/maven2 was cached in the local repository, resolution will not be reattempted until the update interval of central has elapsed or updates are forced. Original error: Could not transfer artifact org.springframework.boot:spring-boot-starter-parent:pom:1.4.2.RELEASE from/to central (http://repo.maven.apache.org/maven2): connect timed out and 'parent.relativePath' points at wrong local POM @ line 16, column 10
 for project org.springframework:SpringRabbitMQ:0.1.0 at D:\Public\RN_APPS\SpringGitHub\ForGitHub\SpringRabbit\pom.xml
org.apache.maven.project.ProjectBuildingException: 1 problem was encountered while building the effective model for org.springframework:SpringRabbitMQ:0.1.0
[FATAL] Non-resolvable parent POM: Failure to transfer org.springframework.boot:spring-boot-starter-parent:pom:1.4.2.RELEASE from http://repo.maven.apache.org/maven2 was cached in the local repository, resolution will not be reattempted until the update interval of central has elapsed or updates are forced. Original error: Could not transfer artifact org.springframework.boot:spring-boot-starter-parent:pom:1.4.2.RELEASE from/to central (http://repo.maven.apache.org/maven2): connect timed out and 'parent.relativePath' points at wrong local POM @ line 16, column 10
 for project org.springframework:SpringRabbitMQ:0.1.0 at D:\Public\RN_APPS\SpringGitHub\ForGitHub\SpringRabbit\pom.xml
	at org.apache.maven.project.DefaultProjectBuilder.build(DefaultProjectBuilder.java:152) ~[maven-core-3.2.1.jar:3.2.1]
	at org.apache.maven.project.DefaultProjectBuilder.build(DefaultProjectBuilder.java:105) ~[maven-core-3.2.1.jar:3.2.1]
	at org.eclipse.m2e.core.internal.embedder.MavenImpl.readMavenProject(MavenImpl.java:629) ~[org.eclipse.m2e.core_1.5.1.20150109-1820.jar:na]
	at org.eclipse.m2e.core.internal.project.registry.ProjectRegistryManager$5.call(ProjectRegistryManager.java:779) ~[org.eclipse.m2e.core_1.5.1.20150109-1820.jar:na]
	at org.eclipse.m2e.core.internal.project.registry.ProjectRegistryManager$5.call(ProjectRegistryManager.java:1) ~[org.eclipse.m2e.core_1.5.1.20150109-1820.jar:na]
	at org.eclipse.m2e.core.internal.embedder.MavenExecutionContext.executeBare(MavenExecutionContext.java:166) ~[org.eclipse.m2e.core_1.5.1.20150109-1820.jar:na]
	at org.eclipse.m2e.core.internal.embedder.MavenExecutionContext.execute(MavenExecutionContext.java:142) ~[org.eclipse.m2e.core_1.5.1.20150109-1820.jar:na]
	at org.eclipse.m2e.core.internal.embedder.MavenExecutionContext.execute(MavenExecutionContext.java:96) ~[org.eclipse.m2e.core_1.5.1.20150109-1820.jar:na]
	at org.eclipse.m2e.core.internal.project.registry.ProjectRegistryManager.execute(ProjectRegistryManager.java:913) ~[org.eclipse.m2e.core_1.5.1.20150109-1820.jar:na]
	at org.eclipse.m2e.core.internal.project.registry.ProjectRegistryManager.readProjectWithDependencies(ProjectRegistryManager.java:775) ~[org.eclipse.m2e.core_1.5.1.20150109-1820.jar:na]
	at org.eclipse.m2e.core.internal.project.registry.ProjectRegistryManager.create(ProjectRegistryManager.java:188) ~[org.eclipse.m2e.core_1.5.1.20150109-1820.jar:na]
	at org.eclipse.m2e.core.internal.project.registry.MavenProjectManager.create(MavenProjectManager.java:80) [org.eclipse.m2e.core_1.5.1.20150109-1820.jar:na]
	at org.eclipse.m2e.core.ui.internal.actions.SelectionUtil.getMavenProject(SelectionUtil.java:259) [org.eclipse.m2e.core.ui_1.5.1.20150109-1820.jar:na]
	at org.eclipse.m2e.editor.pom.MavenPomEditor.readMavenProject(MavenPomEditor.java:753) [org.eclipse.m2e.editor_1.5.1.20150109-1820.jar:na]
	at org.eclipse.m2e.editor.pom.MavenPomEditor$6.run(MavenPomEditor.java:1073) [org.eclipse.m2e.editor_1.5.1.20150109-1820.jar:na]
	at org.eclipse.core.internal.jobs.Worker.run(Worker.java:54) [org.eclipse.core.jobs_3.6.1.v20141014-1248.jar:na]
Caused by: org.apache.maven.model.building.ModelBuildingException: 1 problem was encountered while building the effective model for org.springframework:SpringRabbitMQ:0.1.0
[FATAL] Non-resolvable parent POM: Failure to transfer org.springframework.boot:spring-boot-starter-parent:pom:1.4.2.RELEASE from http://repo.maven.apache.org/maven2 was cached in the local repository, resolution will not be reattempted until the update interval of central has elapsed or updates are forced. Original error: Could not transfer artifact org.springframework.boot:spring-boot-starter-parent:pom:1.4.2.RELEASE from/to central (http://repo.maven.apache.org/maven2): connect timed out and 'parent.relativePath' points at wrong local POM @ line 16, column 10

	at org.apache.maven.model.building.DefaultModelProblemCollector.newModelBuildingException(DefaultModelProblemCollector.java:195) ~[maven-model-builder-3.2.1.jar:3.2.1]
	at org.apache.maven.model.building.DefaultModelBuilder.readParentExternally(DefaultModelBuilder.java:848) ~[maven-model-builder-3.2.1.jar:3.2.1]
	at org.apache.maven.model.building.DefaultModelBuilder.readParent(DefaultModelBuilder.java:669) ~[maven-model-builder-3.2.1.jar:3.2.1]
	at org.apache.maven.model.building.DefaultModelBuilder.build(DefaultModelBuilder.java:307) ~[maven-model-builder-3.2.1.jar:3.2.1]
	at org.apache.maven.project.DefaultProjectBuilder.build(DefaultProjectBuilder.java:145) ~[maven-core-3.2.1.jar:3.2.1]
	... 15 common frames omitted
2016-12-06 14:17:19,026 [Worker-75] INFO  o.e.m.c.i.p.ProjectConfigurationManager - Update started
2016-12-06 14:17:19,355 [Worker-75] INFO  o.e.m.c.i.l.LifecycleMappingFactory - Using org.eclipse.m2e.jdt.JarLifecycleMapping lifecycle mapping for MavenProject: com.example:spring:0.0.1-SNAPSHOT @ D:\Public\RN_APPS\SpringGitHub\ForGitHub\SpringSQlite\pom.xml.
2016-12-06 14:17:19,715 [Worker-75] WARN  o.e.m.c.i.embedder.EclipseLogger - The POM for org.jboss.spec.javax.transaction:jboss-transaction-api_1.2_spec:jar:1.0.0.Final is missing, no dependency information available
2016-12-06 14:17:20,209 [Worker-75] INFO  o.e.m.j.i.AbstractJavaProjectConfigurator - Adding source folder /SpringSQlite/src/main/java
2016-12-06 14:17:20,210 [Worker-75] INFO  o.e.m.j.i.AbstractJavaProjectConfigurator - Adding resource folder /SpringSQlite/src/main/resources
2016-12-06 14:17:20,211 [Worker-75] INFO  o.e.m.j.i.AbstractJavaProjectConfigurator - Adding resource folder /SpringSQlite/src/main/resources
2016-12-06 14:17:20,211 [Worker-75] INFO  o.e.m.j.i.AbstractJavaProjectConfigurator - Adding source folder /SpringSQlite/src/test/java
2016-12-06 14:17:23,321 [Worker-75] INFO  o.e.m.c.i.p.ProjectConfigurationManager - Update completed: 4 sec
2016-12-06 14:17:24,619 [Worker-72] WARN  o.e.m.c.i.embedder.EclipseLogger - The POM for org.jboss.spec.javax.transaction:jboss-transaction-api_1.2_spec:jar:1.0.0.Final is missing, no dependency information available
2016-12-06 14:17:24,686 [Worker-72] INFO  o.e.m.c.i.embedder.EclipseLogger - Using 'UTF-8' encoding to copy filtered resources.
2016-12-06 14:17:24,687 [Worker-72] INFO  o.e.m.c.i.embedder.EclipseLogger - Copying 1 resource
2016-12-06 14:17:24,695 [Worker-72] INFO  o.e.m.c.i.embedder.EclipseLogger - Copying 1 resource
2016-12-06 14:17:24,706 [Worker-72] INFO  o.e.m.c.i.embedder.EclipseLogger - Using 'UTF-8' encoding to copy filtered resources.
2016-12-06 14:17:24,707 [Worker-72] INFO  o.e.m.c.i.embedder.EclipseLogger - skip non existing resourceDirectory D:\Public\RN_APPS\SpringGitHub\ForGitHub\SpringSQlite\src\test\resources
2016-12-06 14:17:45,896 [Worker-76] INFO  o.e.m.c.i.p.ProjectConfigurationManager - Update started
2016-12-06 14:17:54,121 [Worker-76] INFO  o.e.m.c.i.l.LifecycleMappingFactory - Using org.eclipse.m2e.jdt.JarLifecycleMapping lifecycle mapping for MavenProject: org.springframework:SpringRabbitMQ:0.1.0 @ D:\Public\RN_APPS\SpringGitHub\ForGitHub\SpringRabbit\pom.xml.
2016-12-06 14:18:02,150 [Worker-76] INFO  o.e.m.c.i.e.AbstractTransferListenerAdapter - Downloaded http://repo.spring.io/ext-release-local/org/springframework/boot/spring-boot-starter/1.4.2.RELEASE/spring-boot-starter-1.4.2.RELEASE.pom
2016-12-06 14:18:02,866 [Worker-76] INFO  o.e.m.c.i.e.AbstractTransferListenerAdapter - Downloaded http://repo.spring.io/milestone/org/springframework/boot/spring-boot-starter/1.4.2.RELEASE/spring-boot-starter-1.4.2.RELEASE.pom
2016-12-06 14:18:03,274 [Worker-76] INFO  o.e.m.c.i.e.AbstractTransferListenerAdapter - Downloaded http://repo.spring.io/snapshot/org/springframework/boot/spring-boot-starter/1.4.2.RELEASE/spring-boot-starter-1.4.2.RELEASE.pom
2016-12-06 14:18:04,811 [Worker-76] INFO  o.e.m.c.i.e.AbstractTransferListenerAdapter - Downloaded http://repo.spring.io/ext-release-local/org/springframework/boot/spring-boot/1.4.2.RELEASE/spring-boot-1.4.2.RELEASE.pom
2016-12-06 14:18:05,529 [Worker-76] INFO  o.e.m.c.i.e.AbstractTransferListenerAdapter - Downloaded http://repo.spring.io/milestone/org/springframework/boot/spring-boot/1.4.2.RELEASE/spring-boot-1.4.2.RELEASE.pom
2016-12-06 14:18:05,903 [Worker-76] INFO  o.e.m.c.i.e.AbstractTransferListenerAdapter - Downloaded http://repo.spring.io/snapshot/org/springframework/boot/spring-boot/1.4.2.RELEASE/spring-boot-1.4.2.RELEASE.pom
2016-12-06 14:18:07,684 [Worker-76] INFO  o.e.m.c.i.e.AbstractTransferListenerAdapter - Downloaded http://repo.spring.io/ext-release-local/org/springframework/spring-core/4.3.4.RELEASE/spring-core-4.3.4.RELEASE.pom
2016-12-06 14:18:08,103 [Worker-76] INFO  o.e.m.c.i.e.AbstractTransferListenerAdapter - Downloaded http://repo.spring.io/milestone/org/springframework/spring-core/4.3.4.RELEASE/spring-core-4.3.4.RELEASE.pom
2016-12-06 14:18:08,497 [Worker-76] INFO  o.e.m.c.i.e.AbstractTransferListenerAdapter - Downloaded http://repo.spring.io/snapshot/org/springframework/spring-core/4.3.4.RELEASE/spring-core-4.3.4.RELEASE.pom
2016-12-06 14:18:09,192 [Worker-76] INFO  o.e.m.c.i.e.AbstractTransferListenerAdapter - Downloaded http://repo.spring.io/ext-release-local/org/springframework/spring-context/4.3.4.RELEASE/spring-context-4.3.4.RELEASE.pom
2016-12-06 14:18:09,608 [Worker-76] INFO  o.e.m.c.i.e.AbstractTransferListenerAdapter - Downloaded http://repo.spring.io/milestone/org/springframework/spring-context/4.3.4.RELEASE/spring-context-4.3.4.RELEASE.pom
2016-12-06 14:18:10,036 [Worker-76] INFO  o.e.m.c.i.e.AbstractTransferListenerAdapter - Downloaded http://repo.spring.io/snapshot/org/springframework/spring-context/4.3.4.RELEASE/spring-context-4.3.4.RELEASE.pom
2016-12-06 14:18:10,955 [Worker-76] INFO  o.e.m.c.i.e.AbstractTransferListenerAdapter - Downloaded http://repo.spring.io/ext-release-local/org/springframework/spring-aop/4.3.4.RELEASE/spring-aop-4.3.4.RELEASE.pom
2016-12-06 14:18:11,365 [Worker-76] INFO  o.e.m.c.i.e.AbstractTransferListenerAdapter - Downloaded http://repo.spring.io/milestone/org/springframework/spring-aop/4.3.4.RELEASE/spring-aop-4.3.4.RELEASE.pom
2016-12-06 14:18:12,081 [Worker-76] INFO  o.e.m.c.i.e.AbstractTransferListenerAdapter - Downloaded http://repo.spring.io/snapshot/org/springframework/spring-aop/4.3.4.RELEASE/spring-aop-4.3.4.RELEASE.pom
2016-12-06 14:18:13,003 [Worker-76] INFO  o.e.m.c.i.e.AbstractTransferListenerAdapter - Downloaded http://repo.spring.io/ext-release-local/org/springframework/spring-beans/4.3.4.RELEASE/spring-beans-4.3.4.RELEASE.pom
2016-12-06 14:18:13,719 [Worker-76] INFO  o.e.m.c.i.e.AbstractTransferListenerAdapter - Downloaded http://repo.spring.io/milestone/org/springframework/spring-beans/4.3.4.RELEASE/spring-beans-4.3.4.RELEASE.pom
2016-12-06 14:18:15,256 [Worker-76] INFO  o.e.m.c.i.e.AbstractTransferListenerAdapter - Downloaded http://repo.spring.io/snapshot/org/springframework/spring-beans/4.3.4.RELEASE/spring-beans-4.3.4.RELEASE.pom
2016-12-06 14:18:16,075 [Worker-76] INFO  o.e.m.c.i.e.AbstractTransferListenerAdapter - Downloaded http://repo.spring.io/ext-release-local/org/springframework/spring-expression/4.3.4.RELEASE/spring-expression-4.3.4.RELEASE.pom
2016-12-06 14:18:16,586 [Worker-76] INFO  o.e.m.c.i.e.AbstractTransferListenerAdapter - Downloaded http://repo.spring.io/milestone/org/springframework/spring-expression/4.3.4.RELEASE/spring-expression-4.3.4.RELEASE.pom
2016-12-06 14:18:17,201 [Worker-76] INFO  o.e.m.c.i.e.AbstractTransferListenerAdapter - Downloaded http://repo.spring.io/snapshot/org/springframework/spring-expression/4.3.4.RELEASE/spring-expression-4.3.4.RELEASE.pom
2016-12-06 14:18:18,538 [Worker-76] INFO  o.e.m.c.i.e.AbstractTransferListenerAdapter - Downloaded http://repo.spring.io/ext-release-local/org/springframework/boot/spring-boot-autoconfigure/1.4.2.RELEASE/spring-boot-autoconfigure-1.4.2.RELEASE.pom
2016-12-06 14:18:18,913 [Worker-76] INFO  o.e.m.c.i.e.AbstractTransferListenerAdapter - Downloaded http://repo.spring.io/milestone/org/springframework/boot/spring-boot-autoconfigure/1.4.2.RELEASE/spring-boot-autoconfigure-1.4.2.RELEASE.pom
2016-12-06 14:18:19,292 [Worker-76] INFO  o.e.m.c.i.e.AbstractTransferListenerAdapter - Downloaded http://repo.spring.io/snapshot/org/springframework/boot/spring-boot-autoconfigure/1.4.2.RELEASE/spring-boot-autoconfigure-1.4.2.RELEASE.pom
2016-12-06 14:18:20,170 [Worker-76] INFO  o.e.m.c.i.e.AbstractTransferListenerAdapter - Downloaded http://repo.spring.io/ext-release-local/org/springframework/boot/spring-boot-starter-logging/1.4.2.RELEASE/spring-boot-starter-logging-1.4.2.RELEASE.pom
2016-12-06 14:18:20,552 [Worker-76] INFO  o.e.m.c.i.e.AbstractTransferListenerAdapter - Downloaded http://repo.spring.io/milestone/org/springframework/boot/spring-boot-starter-logging/1.4.2.RELEASE/spring-boot-starter-logging-1.4.2.RELEASE.pom
2016-12-06 14:18:21,092 [Worker-76] INFO  o.e.m.c.i.e.AbstractTransferListenerAdapter - Downloaded http://repo.spring.io/snapshot/org/springframework/boot/spring-boot-starter-logging/1.4.2.RELEASE/spring-boot-starter-logging-1.4.2.RELEASE.pom
2016-12-06 14:18:22,014 [Worker-76] INFO  o.e.m.c.i.e.AbstractTransferListenerAdapter - Downloaded http://repo.spring.io/ext-release-local/org/yaml/snakeyaml/1.17/snakeyaml-1.17.pom
2016-12-06 14:18:22,404 [Worker-76] INFO  o.e.m.c.i.e.AbstractTransferListenerAdapter - Downloaded http://repo.spring.io/milestone/org/yaml/snakeyaml/1.17/snakeyaml-1.17.pom
2016-12-06 14:18:22,935 [Worker-76] INFO  o.e.m.c.i.e.AbstractTransferListenerAdapter - Downloaded http://repo.spring.io/snapshot/org/yaml/snakeyaml/1.17/snakeyaml-1.17.pom
2016-12-06 14:18:24,323 [Worker-76] INFO  o.e.m.c.i.e.AbstractTransferListenerAdapter - Downloaded http://repo.spring.io/ext-release-local/org/springframework/spring-messaging/4.3.4.RELEASE/spring-messaging-4.3.4.RELEASE.pom
2016-12-06 14:18:24,881 [Worker-76] INFO  o.e.m.c.i.e.AbstractTransferListenerAdapter - Downloaded http://repo.spring.io/milestone/org/springframework/spring-messaging/4.3.4.RELEASE/spring-messaging-4.3.4.RELEASE.pom
2016-12-06 14:18:25,241 [Worker-76] INFO  o.e.m.c.i.e.AbstractTransferListenerAdapter - Downloaded http://repo.spring.io/snapshot/org/springframework/spring-messaging/4.3.4.RELEASE/spring-messaging-4.3.4.RELEASE.pom
2016-12-06 14:18:26,007 [Worker-76] INFO  o.e.m.c.i.e.AbstractTransferListenerAdapter - Downloaded http://repo.spring.io/ext-release-local/org/springframework/amqp/spring-rabbit/1.6.5.RELEASE/spring-rabbit-1.6.5.RELEASE.pom
2016-12-06 14:18:26,519 [Worker-76] INFO  o.e.m.c.i.e.AbstractTransferListenerAdapter - Downloaded http://repo.spring.io/milestone/org/springframework/amqp/spring-rabbit/1.6.5.RELEASE/spring-rabbit-1.6.5.RELEASE.pom
2016-12-06 14:18:27,133 [Worker-76] INFO  o.e.m.c.i.e.AbstractTransferListenerAdapter - Downloaded http://repo.spring.io/snapshot/org/springframework/amqp/spring-rabbit/1.6.5.RELEASE/spring-rabbit-1.6.5.RELEASE.pom
2016-12-06 14:18:28,055 [Worker-76] INFO  o.e.m.c.i.e.AbstractTransferListenerAdapter - Downloaded http://repo.spring.io/ext-release-local/org/springframework/amqp/spring-amqp/1.6.5.RELEASE/spring-amqp-1.6.5.RELEASE.pom
2016-12-06 14:18:28,771 [Worker-76] INFO  o.e.m.c.i.e.AbstractTransferListenerAdapter - Downloaded http://repo.spring.io/milestone/org/springframework/amqp/spring-amqp/1.6.5.RELEASE/spring-amqp-1.6.5.RELEASE.pom
2016-12-06 14:18:29,387 [Worker-76] INFO  o.e.m.c.i.e.AbstractTransferListenerAdapter - Downloaded http://repo.spring.io/snapshot/org/springframework/amqp/spring-amqp/1.6.5.RELEASE/spring-amqp-1.6.5.RELEASE.pom
2016-12-06 14:18:31,331 [Worker-76] INFO  o.e.m.c.i.e.AbstractTransferListenerAdapter - Downloaded http://repo.spring.io/ext-release-local/org/springframework/spring-web/4.3.4.RELEASE/spring-web-4.3.4.RELEASE.pom
2016-12-06 14:18:31,946 [Worker-76] INFO  o.e.m.c.i.e.AbstractTransferListenerAdapter - Downloaded http://repo.spring.io/milestone/org/springframework/spring-web/4.3.4.RELEASE/spring-web-4.3.4.RELEASE.pom
2016-12-06 14:18:33,584 [Worker-76] INFO  o.e.m.c.i.e.AbstractTransferListenerAdapter - Downloaded http://repo.spring.io/snapshot/org/springframework/spring-web/4.3.4.RELEASE/spring-web-4.3.4.RELEASE.pom
2016-12-06 14:18:34,506 [Worker-76] INFO  o.e.m.c.i.e.AbstractTransferListenerAdapter - Downloaded http://repo.spring.io/ext-release-local/org/springframework/retry/spring-retry/1.1.4.RELEASE/spring-retry-1.1.4.RELEASE.pom
2016-12-06 14:18:35,120 [Worker-76] INFO  o.e.m.c.i.e.AbstractTransferListenerAdapter - Downloaded http://repo.spring.io/milestone/org/springframework/retry/spring-retry/1.1.4.RELEASE/spring-retry-1.1.4.RELEASE.pom
2016-12-06 14:18:35,734 [Worker-76] INFO  o.e.m.c.i.e.AbstractTransferListenerAdapter - Downloaded http://repo.spring.io/snapshot/org/springframework/retry/spring-retry/1.1.4.RELEASE/spring-retry-1.1.4.RELEASE.pom
2016-12-06 14:18:36,402 [Worker-76] INFO  o.e.m.c.i.e.AbstractTransferListenerAdapter - Downloaded http://repo.spring.io/ext-release-local/org/springframework/spring-framework-bom/4.0.4.RELEASE/spring-framework-bom-4.0.4.RELEASE.pom
2016-12-06 14:18:38,089 [Worker-76] INFO  o.e.m.c.i.e.AbstractTransferListenerAdapter - Downloaded http://repo.spring.io/milestone/org/springframework/spring-framework-bom/4.0.4.RELEASE/spring-framework-bom-4.0.4.RELEASE.pom
2016-12-06 14:18:38,908 [Worker-76] INFO  o.e.m.c.i.e.AbstractTransferListenerAdapter - Downloaded http://repo.spring.io/snapshot/org/springframework/spring-framework-bom/4.0.4.RELEASE/spring-framework-bom-4.0.4.RELEASE.pom
2016-12-06 14:18:39,622 [Worker-76] INFO  o.e.m.c.i.e.AbstractTransferListenerAdapter - Downloaded http://repo.spring.io/ext-release-local/org/springframework/spring-tx/4.3.4.RELEASE/spring-tx-4.3.4.RELEASE.pom
2016-12-06 14:18:40,195 [Worker-76] INFO  o.e.m.c.i.e.AbstractTransferListenerAdapter - Downloaded http://repo.spring.io/milestone/org/springframework/spring-tx/4.3.4.RELEASE/spring-tx-4.3.4.RELEASE.pom
2016-12-06 14:18:41,878 [Worker-76] INFO  o.e.m.c.i.e.AbstractTransferListenerAdapter - Downloaded http://repo.spring.io/snapshot/org/springframework/spring-tx/4.3.4.RELEASE/spring-tx-4.3.4.RELEASE.pom
2016-12-06 14:18:42,626 [Worker-76] INFO  o.e.m.c.i.e.AbstractTransferListenerAdapter - Downloaded http://repo.spring.io/ext-release-local/com/rabbitmq/http-client/1.0.0.RELEASE/http-client-1.0.0.RELEASE.pom
2016-12-06 14:18:43,107 [Worker-76] INFO  o.e.m.c.i.e.AbstractTransferListenerAdapter - Downloaded http://repo.spring.io/milestone/com/rabbitmq/http-client/1.0.0.RELEASE/http-client-1.0.0.RELEASE.pom
2016-12-06 14:18:43,823 [Worker-76] INFO  o.e.m.c.i.e.AbstractTransferListenerAdapter - Downloaded http://repo.spring.io/snapshot/com/rabbitmq/http-client/1.0.0.RELEASE/http-client-1.0.0.RELEASE.pom
2016-12-06 14:18:44,653 [Worker-76] INFO  o.e.m.c.i.e.AbstractTransferListenerAdapter - Downloaded http://repo.spring.io/ext-release-local/org/apache/httpcomponents/httpclient/4.5.2/httpclient-4.5.2.pom
2016-12-06 14:18:45,015 [Worker-76] INFO  o.e.m.c.i.e.AbstractTransferListenerAdapter - Downloaded http://repo.spring.io/milestone/org/apache/httpcomponents/httpclient/4.5.2/httpclient-4.5.2.pom
2016-12-06 14:18:45,402 [Worker-76] INFO  o.e.m.c.i.e.AbstractTransferListenerAdapter - Downloaded http://repo.spring.io/snapshot/org/apache/httpcomponents/httpclient/4.5.2/httpclient-4.5.2.pom
2016-12-06 14:18:46,215 [Worker-76] INFO  o.e.m.c.i.e.AbstractTransferListenerAdapter - Downloaded http://repo.spring.io/ext-release-local/org/apache/httpcomponents/httpcomponents-client/4.5.2/httpcomponents-client-4.5.2.pom
2016-12-06 14:18:46,691 [Worker-76] INFO  o.e.m.c.i.e.AbstractTransferListenerAdapter - Downloaded http://repo.spring.io/milestone/org/apache/httpcomponents/httpcomponents-client/4.5.2/httpcomponents-client-4.5.2.pom
2016-12-06 14:18:47,203 [Worker-76] INFO  o.e.m.c.i.e.AbstractTransferListenerAdapter - Downloaded http://repo.spring.io/snapshot/org/apache/httpcomponents/httpcomponents-client/4.5.2/httpcomponents-client-4.5.2.pom
2016-12-06 14:18:47,985 [Worker-76] INFO  o.e.m.c.i.e.AbstractTransferListenerAdapter - Downloaded http://repo.spring.io/ext-release-local/org/apache/httpcomponents/project/7/project-7.pom
2016-12-06 14:18:48,347 [Worker-76] INFO  o.e.m.c.i.e.AbstractTransferListenerAdapter - Downloaded http://repo.spring.io/milestone/org/apache/httpcomponents/project/7/project-7.pom
2016-12-06 14:18:48,943 [Worker-76] INFO  o.e.m.c.i.e.AbstractTransferListenerAdapter - Downloaded http://repo.spring.io/snapshot/org/apache/httpcomponents/project/7/project-7.pom
2016-12-06 14:18:49,865 [Worker-76] INFO  o.e.m.c.i.e.AbstractTransferListenerAdapter - Downloaded http://repo.spring.io/ext-release-local/org/apache/httpcomponents/httpcore/4.4.5/httpcore-4.4.5.pom
2016-12-06 14:18:50,479 [Worker-76] INFO  o.e.m.c.i.e.AbstractTransferListenerAdapter - Downloaded http://repo.spring.io/milestone/org/apache/httpcomponents/httpcore/4.4.5/httpcore-4.4.5.pom
2016-12-06 14:18:51,094 [Worker-76] INFO  o.e.m.c.i.e.AbstractTransferListenerAdapter - Downloaded http://repo.spring.io/snapshot/org/apache/httpcomponents/httpcore/4.4.5/httpcore-4.4.5.pom
2016-12-06 14:18:52,117 [Worker-76] INFO  o.e.m.c.i.e.AbstractTransferListenerAdapter - Downloaded http://repo.spring.io/ext-release-local/org/apache/httpcomponents/httpcomponents-core/4.4.5/httpcomponents-core-4.4.5.pom
2016-12-06 14:18:52,732 [Worker-76] INFO  o.e.m.c.i.e.AbstractTransferListenerAdapter - Downloaded http://repo.spring.io/milestone/org/apache/httpcomponents/httpcomponents-core/4.4.5/httpcomponents-core-4.4.5.pom
2016-12-06 14:18:54,370 [Worker-76] INFO  o.e.m.c.i.e.AbstractTransferListenerAdapter - Downloaded http://repo.spring.io/snapshot/org/apache/httpcomponents/httpcomponents-core/4.4.5/httpcomponents-core-4.4.5.pom
2016-12-06 14:18:55,189 [Worker-76] INFO  o.e.m.c.i.e.AbstractTransferListenerAdapter - Downloaded http://repo.spring.io/ext-release-local/commons-codec/commons-codec/1.10/commons-codec-1.10.pom
2016-12-06 14:18:55,906 [Worker-76] INFO  o.e.m.c.i.e.AbstractTransferListenerAdapter - Downloaded http://repo.spring.io/milestone/commons-codec/commons-codec/1.10/commons-codec-1.10.pom
2016-12-06 14:18:56,623 [Worker-76] INFO  o.e.m.c.i.e.AbstractTransferListenerAdapter - Downloaded http://repo.spring.io/snapshot/commons-codec/commons-codec/1.10/commons-codec-1.10.pom
2016-12-06 14:18:57,855 [Worker-76] INFO  o.e.m.c.i.e.AbstractTransferListenerAdapter - Downloaded http://repo.spring.io/ext-release-local/org/apache/commons/commons-parent/35/commons-parent-35.pom
2016-12-06 14:18:58,465 [Worker-76] INFO  o.e.m.c.i.e.AbstractTransferListenerAdapter - Downloaded http://repo.spring.io/milestone/org/apache/commons/commons-parent/35/commons-parent-35.pom
2016-12-06 14:18:59,182 [Worker-76] INFO  o.e.m.c.i.e.AbstractTransferListenerAdapter - Downloaded http://repo.spring.io/snapshot/org/apache/commons/commons-parent/35/commons-parent-35.pom
2016-12-06 14:19:00,104 [Worker-76] INFO  o.e.m.c.i.e.AbstractTransferListenerAdapter - Downloaded http://repo.spring.io/ext-release-local/org/apache/apache/15/apache-15.pom
2016-12-06 14:19:00,719 [Worker-76] INFO  o.e.m.c.i.e.AbstractTransferListenerAdapter - Downloaded http://repo.spring.io/milestone/org/apache/apache/15/apache-15.pom
2016-12-06 14:19:01,333 [Worker-76] INFO  o.e.m.c.i.e.AbstractTransferListenerAdapter - Downloaded http://repo.spring.io/snapshot/org/apache/apache/15/apache-15.pom
2016-12-06 14:19:02,256 [Worker-76] INFO  o.e.m.c.i.e.AbstractTransferListenerAdapter - Downloaded http://repo.spring.io/ext-release-local/com/fasterxml/jackson/core/jackson-databind/2.8.4/jackson-databind-2.8.4.pom
2016-12-06 14:19:02,971 [Worker-76] INFO  o.e.m.c.i.e.AbstractTransferListenerAdapter - Downloaded http://repo.spring.io/milestone/com/fasterxml/jackson/core/jackson-databind/2.8.4/jackson-databind-2.8.4.pom
2016-12-06 14:19:03,586 [Worker-76] INFO  o.e.m.c.i.e.AbstractTransferListenerAdapter - Downloaded http://repo.spring.io/snapshot/com/fasterxml/jackson/core/jackson-databind/2.8.4/jackson-databind-2.8.4.pom
2016-12-06 14:19:04,261 [Worker-76] INFO  o.e.m.c.i.e.AbstractTransferListenerAdapter - Downloaded http://repo.spring.io/ext-release-local/com/fasterxml/jackson/jackson-parent/2.8/jackson-parent-2.8.pom
2016-12-06 14:19:04,917 [Worker-76] INFO  o.e.m.c.i.e.AbstractTransferListenerAdapter - Downloaded http://repo.spring.io/milestone/com/fasterxml/jackson/jackson-parent/2.8/jackson-parent-2.8.pom
2016-12-06 14:19:05,531 [Worker-76] INFO  o.e.m.c.i.e.AbstractTransferListenerAdapter - Downloaded http://repo.spring.io/snapshot/com/fasterxml/jackson/jackson-parent/2.8/jackson-parent-2.8.pom
2016-12-06 14:19:06,457 [Worker-76] INFO  o.e.m.c.i.e.AbstractTransferListenerAdapter - Downloaded http://repo.spring.io/ext-release-local/com/fasterxml/oss-parent/27/oss-parent-27.pom
2016-12-06 14:19:07,169 [Worker-76] INFO  o.e.m.c.i.e.AbstractTransferListenerAdapter - Downloaded http://repo.spring.io/milestone/com/fasterxml/oss-parent/27/oss-parent-27.pom
2016-12-06 14:19:07,783 [Worker-76] INFO  o.e.m.c.i.e.AbstractTransferListenerAdapter - Downloaded http://repo.spring.io/snapshot/com/fasterxml/oss-parent/27/oss-parent-27.pom
2016-12-06 14:19:08,603 [Worker-76] INFO  o.e.m.c.i.e.AbstractTransferListenerAdapter - Downloaded http://repo.spring.io/ext-release-local/com/fasterxml/jackson/core/jackson-annotations/2.8.4/jackson-annotations-2.8.4.pom
2016-12-06 14:19:09,013 [Worker-76] INFO  o.e.m.c.i.e.AbstractTransferListenerAdapter - Downloaded http://repo.spring.io/milestone/com/fasterxml/jackson/core/jackson-annotations/2.8.4/jackson-annotations-2.8.4.pom
2016-12-06 14:19:10,548 [Worker-76] INFO  o.e.m.c.i.e.AbstractTransferListenerAdapter - Downloaded http://repo.spring.io/snapshot/com/fasterxml/jackson/core/jackson-annotations/2.8.4/jackson-annotations-2.8.4.pom
2016-12-06 14:19:11,327 [Worker-76] INFO  o.e.m.c.i.e.AbstractTransferListenerAdapter - Downloaded http://repo.spring.io/ext-release-local/com/fasterxml/jackson/core/jackson-core/2.8.4/jackson-core-2.8.4.pom
2016-12-06 14:19:11,692 [Worker-76] INFO  o.e.m.c.i.e.AbstractTransferListenerAdapter - Downloaded http://repo.spring.io/milestone/com/fasterxml/jackson/core/jackson-core/2.8.4/jackson-core-2.8.4.pom
2016-12-06 14:19:12,183 [Worker-76] INFO  o.e.m.c.i.e.AbstractTransferListenerAdapter - Downloaded http://repo.spring.io/snapshot/com/fasterxml/jackson/core/jackson-core/2.8.4/jackson-core-2.8.4.pom
2016-12-06 14:19:13,006 [Worker-76] INFO  o.e.m.c.i.e.AbstractTransferListenerAdapter - Downloaded http://repo.spring.io/ext-release-local/com/rabbitmq/amqp-client/3.6.5/amqp-client-3.6.5.pom
2016-12-06 14:19:13,518 [Worker-76] INFO  o.e.m.c.i.e.AbstractTransferListenerAdapter - Downloaded http://repo.spring.io/milestone/com/rabbitmq/amqp-client/3.6.5/amqp-client-3.6.5.pom
2016-12-06 14:19:13,885 [Worker-76] INFO  o.e.m.c.i.e.AbstractTransferListenerAdapter - Downloaded http://repo.spring.io/snapshot/com/rabbitmq/amqp-client/3.6.5/amqp-client-3.6.5.pom
2016-12-06 14:19:15,091 [Worker-76] INFO  o.e.m.c.i.l.LifecycleMappingFactory - Using org.eclipse.m2e.jdt.JarLifecycleMapping lifecycle mapping for MavenProject: com.example:spring:0.0.1-SNAPSHOT @ D:\Public\RN_APPS\SpringGitHub\ForGitHub\Spring2DS\pom.xml.
2016-12-06 14:19:15,707 [Worker-76] INFO  o.e.m.c.i.l.LifecycleMappingFactory - Using org.eclipse.m2e.jdt.JarLifecycleMapping lifecycle mapping for MavenProject: com.example:spring:0.0.1-SNAPSHOT @ D:\Public\RN_APPS\SpringGitHub\ForGitHub\SpringSQlite\pom.xml.
2016-12-06 14:19:21,452 [Worker-76] INFO  o.e.m.j.i.AbstractJavaProjectConfigurator - Adding source folder /SpringRabbit/src/main/java
2016-12-06 14:19:21,452 [Worker-76] INFO  o.e.m.j.i.AbstractJavaProjectConfigurator - Adding resource folder /SpringRabbit/src/main/resources
2016-12-06 14:19:21,453 [Worker-76] INFO  o.e.m.j.i.AbstractJavaProjectConfigurator - Adding resource folder /SpringRabbit/src/main/resources
2016-12-06 14:19:21,453 [Worker-76] INFO  o.e.m.j.i.AbstractJavaProjectConfigurator - Adding source folder /SpringRabbit/src/test/java
2016-12-06 14:19:22,306 [Worker-76] INFO  o.e.m.c.i.l.LifecycleMappingFactory - Using org.eclipse.m2e.jdt.JarLifecycleMapping lifecycle mapping for MavenProject: org.springframework:SpringRabbitMQ:0.1.0 @ D:\Public\RN_APPS\SpringGitHub\ForGitHub\SpringRabbit\pom.xml.
2016-12-06 14:19:22,550 [Worker-76] INFO  o.e.m.c.i.p.ProjectConfigurationManager - Update completed: 96 sec
2016-12-06 14:19:23,241 [Worker-76] INFO  o.e.m.c.i.embedder.EclipseLogger - Using 'UTF-8' encoding to copy filtered resources.
2016-12-06 14:19:23,241 [Worker-76] INFO  o.e.m.c.i.embedder.EclipseLogger - Copying 0 resource
2016-12-06 14:19:23,241 [Worker-76] INFO  o.e.m.c.i.embedder.EclipseLogger - Copying 0 resource
2016-12-06 14:19:23,244 [Worker-76] INFO  o.e.m.c.i.embedder.EclipseLogger - Using 'UTF-8' encoding to copy filtered resources.
2016-12-06 14:19:23,244 [Worker-76] INFO  o.e.m.c.i.embedder.EclipseLogger - skip non existing resourceDirectory D:\Public\RN_APPS\SpringGitHub\ForGitHub\Spring2DS\src\test\resources
2016-12-06 14:19:25,569 [Worker-76] INFO  o.e.m.c.i.embedder.EclipseLogger - Using 'UTF-8' encoding to copy filtered resources.
2016-12-06 14:19:25,569 [Worker-76] INFO  o.e.m.c.i.embedder.EclipseLogger - Copying 0 resource
2016-12-06 14:19:25,570 [Worker-76] INFO  o.e.m.c.i.embedder.EclipseLogger - Copying 0 resource
2016-12-06 14:19:25,572 [Worker-76] INFO  o.e.m.c.i.embedder.EclipseLogger - Using 'UTF-8' encoding to copy filtered resources.
2016-12-06 14:19:25,573 [Worker-76] INFO  o.e.m.c.i.embedder.EclipseLogger - skip non existing resourceDirectory D:\Public\RN_APPS\SpringGitHub\ForGitHub\SpringRabbit\src\test\resources
2016-12-06 14:19:26,604 [Worker-76] INFO  o.e.m.c.i.embedder.EclipseLogger - Using 'UTF-8' encoding to copy filtered resources.
2016-12-06 14:19:26,605 [Worker-76] INFO  o.e.m.c.i.embedder.EclipseLogger - Copying 1 resource
2016-12-06 14:19:26,608 [Worker-76] INFO  o.e.m.c.i.embedder.EclipseLogger - Copying 1 resource
2016-12-06 14:19:26,614 [Worker-76] INFO  o.e.m.c.i.embedder.EclipseLogger - Using 'UTF-8' encoding to copy filtered resources.
2016-12-06 14:19:26,614 [Worker-76] INFO  o.e.m.c.i.embedder.EclipseLogger - skip non existing resourceDirectory D:\Public\RN_APPS\SpringGitHub\ForGitHub\SpringSQlite\src\test\resources
